zxing-android-embedded/build/outputs/logs/manifest-merger-debug-report.txt
-- Merging decision tree log ---
manifest
ADDED from AndroidLeitorSimplesCodigoBarras\zxing-android-embedded\AndroidManifest.xml:17:1-41:12
INJECTED from AndroidLeitorSimplesCodigoBarras\zxing-android-embedded\AndroidManifest.xml:17:1-41:12
INJECTED from AndroidLeitorSimplesCodigoBarras\zxing-android-embedded\AndroidManifest.xml:17:1-41:12
INJECTED from AndroidLeitorSimplesCodigoBarras\zxing-android-embedded\AndroidManifest.xml:17:1-41:12
INJECTED from AndroidLeitorSimplesCodigoBarras\zxing-android-embedded\AndroidManifest.xml:17:1-41:12
	package
		ADDED from AndroidLeitorSimplesCodigoBarras\zxing-android-embedded\AndroidManifest.xml:17:70-111
		INJECTED from AndroidLeitorSimplesCodigoBarras\zxing-android-embedded\AndroidManifest.xml
		INJECTED from AndroidLeitorSimplesCodigoBarras\zxing-android-embedded\AndroidManifest.xml
	android:versionName
		INJECTED from AndroidLeitorSimplesCodigoBarras\zxing-android-embedded\AndroidManifest.xml
		ADDED from AndroidLeitorSimplesCodigoBarras\zxing-android-embedded\AndroidManifest.xml:17:1-41:12
		INJECTED from AndroidLeitorSimplesCodigoBarras\zxing-android-embedded\AndroidManifest.xml
	xmlns:android
		ADDED from AndroidLeitorSimplesCodigoBarras\zxing-android-embedded\AndroidManifest.xml:17:11-69
uses-permission#android.permission.CAMERA
ADDED from AndroidLeitorSimplesCodigoBarras\zxing-android-embedded\AndroidManifest.xml:19:3-62
	android:name
		ADDED from AndroidLeitorSimplesCodigoBarras\zxing-android-embedded\AndroidManifest.xml:19:20-60
uses-feature#android.hardware.camera
ADDED from AndroidLeitorSimplesCodigoBarras\zxing-android-embedded\AndroidManifest.xml:22:3-82
	android:required
		ADDED from AndroidLeitorSimplesCodigoBarras\zxing-android-embedded\AndroidManifest.xml:22:56-80
	android:name
		ADDED from AndroidLeitorSimplesCodigoBarras\zxing-android-embedded\AndroidManifest.xml:22:17-55
uses-feature#android.hardware.camera.front
ADDED from AndroidLeitorSimplesCodigoBarras\zxing-android-embedded\AndroidManifest.xml:23:3-88
	android:required
		ADDED from AndroidLeitorSimplesCodigoBarras\zxing-android-embedded\AndroidManifest.xml:23:62-86
	android:name
		ADDED from AndroidLeitorSimplesCodigoBarras\zxing-android-embedded\AndroidManifest.xml:23:17-61
uses-feature#android.hardware.camera.autofocus
ADDED from AndroidLeitorSimplesCodigoBarras\zxing-android-embedded\AndroidManifest.xml:26:3-92
	android:required
		ADDED from AndroidLeitorSimplesCodigoBarras\zxing-android-embedded\AndroidManifest.xml:26:66-90
	android:name
		ADDED from AndroidLeitorSimplesCodigoBarras\zxing-android-embedded\AndroidManifest.xml:26:17-65
uses-feature#android.hardware.camera.flash
ADDED from AndroidLeitorSimplesCodigoBarras\zxing-android-embedded\AndroidManifest.xml:27:3-88
	android:required
		ADDED from AndroidLeitorSimplesCodigoBarras\zxing-android-embedded\AndroidManifest.xml:27:62-86
	android:name
		ADDED from AndroidLeitorSimplesCodigoBarras\zxing-android-embedded\AndroidManifest.xml:27:17-61
uses-feature#android.hardware.screen.landscape
ADDED from AndroidLeitorSimplesCodigoBarras\zxing-android-embedded\AndroidManifest.xml:28:3-93
	android:required
		ADDED from AndroidLeitorSimplesCodigoBarras\zxing-android-embedded\AndroidManifest.xml:28:66-90
	android:name
		ADDED from AndroidLeitorSimplesCodigoBarras\zxing-android-embedded\AndroidManifest.xml:28:17-65
uses-feature#android.hardware.wifi
ADDED from AndroidLeitorSimplesCodigoBarras\zxing-android-embedded\AndroidManifest.xml:29:3-80
	android:required
		ADDED from AndroidLeitorSimplesCodigoBarras\zxing-android-embedded\AndroidManifest.xml:29:54-78
	android:name
		ADDED from AndroidLeitorSimplesCodigoBarras\zxing-android-embedded\AndroidManifest.xml:29:17-53
application
ADDED from AndroidLeitorSimplesCodigoBarras\zxing-android-embedded\AndroidManifest.xml:32:3-39:17
activity#com.journeyapps.barcodescanner.CaptureActivity
ADDED from AndroidLeitorSimplesCodigoBarras\zxing-android-embedded\AndroidManifest.xml:33:7-38:66
	android:screenOrientation
		ADDED from AndroidLeitorSimplesCodigoBarras\zxing-android-embedded\AndroidManifest.xml:35:17-60
	android:clearTaskOnLaunch
		ADDED from AndroidLeitorSimplesCodigoBarras\zxing-android-embedded\AndroidManifest.xml:34:17-49
	android:stateNotNeeded
		ADDED from AndroidLeitorSimplesCodigoBarras\zxing-android-embedded\AndroidManifest.xml:36:17-46
	android:windowSoftInputMode
		ADDED from AndroidLeitorSimplesCodigoBarras\zxing-android-embedded\AndroidManifest.xml:38:17-64
	android:theme
		ADDED from AndroidLeitorSimplesCodigoBarras\zxing-android-embedded\AndroidManifest.xml:37:17-58
	android:name
		ADDED from AndroidLeitorSimplesCodigoBarras\zxing-android-embedded\AndroidManifest.xml:33:17-78
uses-sdk
INJECTED from AndroidLeitorSimplesCodigoBarras\zxing-android-embedded\AndroidManifest.xml reason: use-sdk injection requested
INJECTED from AndroidLeitorSimplesCodigoBarras\zxing-android-embedded\AndroidManifest.xml
INJECTED from AndroidLeitorSimplesCodigoBarras\zxing-android-embedded\AndroidManifest.xml
	android:minSdkVersion
		INJECTED from AndroidLeitorSimplesCodigoBarras\zxing-android-embedded\AndroidManifest.xml
		ADDED from AndroidLeitorSimplesCodigoBarras\zxing-android-embedded\AndroidManifest.xml
		INJECTED from AndroidLeitorSimplesCodigoBarras\zxing-android-embedded\AndroidManifest.xml